2021-02-23 20:23:12.993  INFO 484 --- [restartedMain] c.e.p.ProjectManagementAppApplication    : Starting ProjectManagementAppApplication using Java 15.0.2 on DESKTOP-SPO8PQU with PID 484 (C:\Users\stanki17\Desktop\ProjectManagementApp\target\classes started by stanki17 in C:\Users\stanki17\Desktop\ProjectManagementApp)
2021-02-23 20:23:12.998 DEBUG 484 --- [restartedMain] c.e.p.ProjectManagementAppApplication    : Running with Spring Boot v2.4.2, Spring v5.3.3
2021-02-23 20:23:12.998  INFO 484 --- [restartedMain] c.e.p.ProjectManagementAppApplication    : The following profiles are active: test
2021-02-23 20:23:13.096  INFO 484 --- [restartedMain] .e.DevToolsPropertyDefaultsPostProcessor : Devtools property defaults active! Set 'spring.devtools.add-properties' to 'false' to disable
2021-02-23 20:23:13.097  INFO 484 --- [restartedMain] .e.DevToolsPropertyDefaultsPostProcessor : For additional web related logging consider setting the 'logging.level.web' property to 'DEBUG'
2021-02-23 20:23:14.021  INFO 484 --- [restartedMain] .s.d.r.c.RepositoryConfigurationDelegate : Bootstrapping Spring Data JPA repositories in DEFAULT mode.
2021-02-23 20:23:14.076  INFO 484 --- [restartedMain] .s.d.r.c.RepositoryConfigurationDelegate : Finished Spring Data repository scanning in 45 ms. Found 2 JPA repository interfaces.
2021-02-23 20:23:14.726  INFO 484 --- [restartedMain] o.s.b.w.embedded.tomcat.TomcatWebServer  : Tomcat initialized with port(s): 8080 (http)
2021-02-23 20:23:14.802  INFO 484 --- [restartedMain] w.s.c.ServletWebServerApplicationContext : Root WebApplicationContext: initialization completed in 1704 ms
2021-02-23 20:23:14.932  INFO 484 --- [restartedMain] o.s.b.a.h2.H2ConsoleAutoConfiguration    : H2 console available at '/console'. Database available at 'jdbc:h2:mem:testdb'
2021-02-23 20:23:15.743  INFO 484 --- [restartedMain] j.LocalContainerEntityManagerFactoryBean : Initialized JPA EntityManagerFactory for persistence unit 'default'
2021-02-23 20:23:15.770  INFO 484 --- [restartedMain] o.s.b.d.a.OptionalLiveReloadServer       : LiveReload server is running on port 35729
2021-02-23 20:23:16.049  WARN 484 --- [restartedMain] JpaBaseConfiguration$JpaWebConfiguration : spring.jpa.open-in-view is enabled by default. Therefore, database queries may be performed during view rendering. Explicitly configure spring.jpa.open-in-view to disable this warning
2021-02-23 20:23:16.134  INFO 484 --- [restartedMain] o.s.s.concurrent.ThreadPoolTaskExecutor  : Initializing ExecutorService 'applicationTaskExecutor'
2021-02-23 20:23:16.303  INFO 484 --- [restartedMain] .s.s.UserDetailsServiceAutoConfiguration : 

Using generated security password: 12c30ecb-0657-4fdd-bddc-e83e1e7b8d7c

2021-02-23 20:23:16.452  INFO 484 --- [restartedMain] o.s.s.web.DefaultSecurityFilterChain     : Will secure any request with [org.springframework.security.web.context.request.async.WebAsyncManagerIntegrationFilter@77edc9c4, org.springframework.security.web.context.SecurityContextPersistenceFilter@54febee8, org.springframework.security.web.header.HeaderWriterFilter@386fb63a, org.springframework.security.web.csrf.CsrfFilter@1e739a46, org.springframework.security.web.authentication.logout.LogoutFilter@ae8e25e, org.springframework.security.web.authentication.UsernamePasswordAuthenticationFilter@568f6a98, org.springframework.security.web.authentication.ui.DefaultLoginPageGeneratingFilter@2c5d7605, org.springframework.security.web.authentication.ui.DefaultLogoutPageGeneratingFilter@79a74a79, org.springframework.security.web.authentication.www.BasicAuthenticationFilter@50ff4a60, org.springframework.security.web.savedrequest.RequestCacheAwareFilter@60ea571b, org.springframework.security.web.servletapi.SecurityContextHolderAwareRequestFilter@5d5b249c, org.springframework.security.web.authentication.AnonymousAuthenticationFilter@5321b367, org.springframework.security.web.session.SessionManagementFilter@7889ef88, org.springframework.security.web.access.ExceptionTranslationFilter@545ad7bc, org.springframework.security.web.access.intercept.FilterSecurityInterceptor@28c031b2]
2021-02-23 20:23:16.570  INFO 484 --- [restartedMain] o.s.b.w.embedded.tomcat.TomcatWebServer  : Tomcat started on port(s): 8080 (http) with context path ''
2021-02-23 20:23:16.583  INFO 484 --- [restartedMain] c.e.p.ProjectManagementAppApplication    : Started ProjectManagementAppApplication in 4.423 seconds (JVM running for 5.789)
2021-02-23 20:23:48.312  INFO 484 --- [http-nio-8080-exec-1] o.s.web.servlet.DispatcherServlet        : Initializing Servlet 'dispatcherServlet'
2021-02-23 20:23:48.314  INFO 484 --- [http-nio-8080-exec-1] o.s.web.servlet.DispatcherServlet        : Completed initialization in 1 ms
2021-02-23 20:23:48.554  WARN 484 --- [http-nio-8080-exec-1] o.a.c.util.SessionIdGeneratorBase        : Creation of SecureRandom instance for session ID generation using [SHA1PRNG] took [162] milliseconds.
2021-02-23 22:57:29.672  INFO 23220 --- [restartedMain] c.e.p.ProjectManagementAppApplication    : Starting ProjectManagementAppApplication using Java 15.0.2 on DESKTOP-SPO8PQU with PID 23220 (C:\Users\stanki17\Desktop\ProjectManagementApp\target\classes started by stanki17 in C:\Users\stanki17\Desktop\ProjectManagementApp)
2021-02-23 22:57:29.675 DEBUG 23220 --- [restartedMain] c.e.p.ProjectManagementAppApplication    : Running with Spring Boot v2.4.2, Spring v5.3.3
2021-02-23 22:57:29.675  INFO 23220 --- [restartedMain] c.e.p.ProjectManagementAppApplication    : The following profiles are active: test
2021-02-23 22:57:29.728  INFO 23220 --- [restartedMain] .e.DevToolsPropertyDefaultsPostProcessor : Devtools property defaults active! Set 'spring.devtools.add-properties' to 'false' to disable
2021-02-23 22:57:29.729  INFO 23220 --- [restartedMain] .e.DevToolsPropertyDefaultsPostProcessor : For additional web related logging consider setting the 'logging.level.web' property to 'DEBUG'
2021-02-23 22:57:30.726  INFO 23220 --- [restartedMain] .s.d.r.c.RepositoryConfigurationDelegate : Bootstrapping Spring Data JPA repositories in DEFAULT mode.
2021-02-23 22:57:30.807  INFO 23220 --- [restartedMain] .s.d.r.c.RepositoryConfigurationDelegate : Finished Spring Data repository scanning in 69 ms. Found 2 JPA repository interfaces.
2021-02-23 22:57:31.590  INFO 23220 --- [restartedMain] o.s.b.w.embedded.tomcat.TomcatWebServer  : Tomcat initialized with port(s): 8080 (http)
2021-02-23 22:57:31.701  INFO 23220 --- [restartedMain] w.s.c.ServletWebServerApplicationContext : Root WebApplicationContext: initialization completed in 1970 ms
2021-02-23 22:57:31.885  INFO 23220 --- [restartedMain] o.s.b.a.h2.H2ConsoleAutoConfiguration    : H2 console available at '/console'. Database available at 'jdbc:h2:mem:testdb'
2021-02-23 22:57:32.969  INFO 23220 --- [restartedMain] j.LocalContainerEntityManagerFactoryBean : Initialized JPA EntityManagerFactory for persistence unit 'default'
2021-02-23 22:57:33.007  INFO 23220 --- [restartedMain] o.s.b.d.a.OptionalLiveReloadServer       : LiveReload server is running on port 35729
2021-02-23 22:57:33.362  WARN 23220 --- [restartedMain] JpaBaseConfiguration$JpaWebConfiguration : spring.jpa.open-in-view is enabled by default. Therefore, database queries may be performed during view rendering. Explicitly configure spring.jpa.open-in-view to disable this warning
2021-02-23 22:57:33.504  INFO 23220 --- [restartedMain] o.s.s.web.DefaultSecurityFilterChain     : Will secure any request with [org.springframework.security.web.context.request.async.WebAsyncManagerIntegrationFilter@1396dc4a, org.springframework.security.web.context.SecurityContextPersistenceFilter@6d8db1e9, org.springframework.security.web.header.HeaderWriterFilter@4e82f53a, org.springframework.security.web.csrf.CsrfFilter@4594a51b, org.springframework.security.web.authentication.logout.LogoutFilter@144a604a, org.springframework.security.web.authentication.UsernamePasswordAuthenticationFilter@4943b31d, org.springframework.security.web.authentication.ui.DefaultLoginPageGeneratingFilter@55b9447e, org.springframework.security.web.authentication.ui.DefaultLogoutPageGeneratingFilter@60c7cbc1, org.springframework.security.web.authentication.www.BasicAuthenticationFilter@646c493, org.springframework.security.web.savedrequest.RequestCacheAwareFilter@21b99a93, org.springframework.security.web.servletapi.SecurityContextHolderAwareRequestFilter@65dcb002, org.springframework.security.web.authentication.AnonymousAuthenticationFilter@7b92ea1e, org.springframework.security.web.session.SessionManagementFilter@5dcc705c, org.springframework.security.web.access.ExceptionTranslationFilter@50e7c09, org.springframework.security.web.access.intercept.FilterSecurityInterceptor@3b7a1e57]
2021-02-23 22:57:33.628  INFO 23220 --- [restartedMain] o.s.s.concurrent.ThreadPoolTaskExecutor  : Initializing ExecutorService 'applicationTaskExecutor'
